To github.com:tomWhilbert/.dotfiles.git
   6f11b02..57b7e9b  macOS -> macOS
To github.com:tomWhilbert/.dotfiles.git
   57b7e9b..95751a3  macOS -> macOS
To github.com:tomWhilbert/.dotfiles.git
   95751a3..f0ea943  macOS -> macOS
To github.com:tomWhilbert/.dotfiles.git
   f0ea943..608658f  macOS -> macOS
To github.com:tomWhilbert/.dotfiles.git
   608658f..c3b81ba  macOS -> macOS
To github.com:tomWhilbert/.dotfiles.git
   c3b81ba..8806180  macOS -> macOS
To github.com:tomWhilbert/.dotfiles.git
   8806180..498e9ff  macOS -> macOS
To github.com:tomWhilbert/.dotfiles.git
   498e9ff..f1b1b6e  macOS -> macOS
To github.com:tomWhilbert/.dotfiles.git
   f1b1b6e..cb6abb9  macOS -> macOS
To github.com:tomWhilbert/.dotfiles.git
   cb6abb9..986c462  macOS -> macOS
To github.com:tomWhilbert/.dotfiles.git
   986c462..e967257  macOS -> macOS
To github.com:tomWhilbert/.dotfiles.git
   e967257..4e914ba  macOS -> macOS
To github.com:tomWhilbert/.dotfiles.git
   e4084b2..8390204  macOS -> macOS
<<<<<<< HEAD
=======
fatal: Unable to create '/Users/thomaswhilbert/.dotFiles/.git/index.lock': File exists.

Another git process seems to be running in this repository, e.g.
an editor opened by 'git commit'. Please make sure all processes
are terminated then try again. If it still fails, a git process
may have crashed in this repository earlier:
remove the file manually to continue.
fatal: Unable to create '/Users/thomaswhilbert/.dotFiles/.git/index.lock': File exists.

Another git process seems to be running in this repository, e.g.
an editor opened by 'git commit'. Please make sure all processes
are terminated then try again. If it still fails, a git process
may have crashed in this repository earlier:
remove the file manually to continue.
<<<<<<< HEAD
cp: cp: cp: /Users/thomaswhilbert/Brewfile: No such file or directory/Users/thomaswhilbert/Brewfile: No such file or directory/Users/thomaswhilbert/Brewfile: No such file or directory


=======
>>>>>>> b024cfc0677901c3f276d8dba24b788deeabc6d7
>>>>>>> ce8d3eab5dc80c40d1ad8ff68d4768ffd32afba6
/Users/thomaswhilbert/.dotfiles/launchd-config-files/configBackup.sh: line 14: syntax error near unexpected token `<<<'
/Users/thomaswhilbert/.dotfiles/launchd-config-files/configBackup.sh: line 14: syntax error near unexpected token `<<<'
/Users/thomaswhilbert/.dotfiles/launchd-config-files/configBackup.sh: line 14: syntax error near unexpected token `<<<'
/Users/thomaswhilbert/.dotfiles/launchd-config-files/configBackup.sh: line 14: `<<<<<<< HEAD'
/Users/thomaswhilbert/.dotfiles/launchd-config-files/configBackup.sh: line 14: `<<<<<<< HEAD'
/Users/thomaswhilbert/.dotfiles/launchd-config-files/configBackup.sh: line 14: `<<<<<<< HEAD'
/Users/thomaswhilbert/.dotfiles/launchd-config-files/configBackup.sh: line 14: syntax error near unexpected token `<<<'
/Users/thomaswhilbert/.dotfiles/launchd-config-files/configBackup.sh: line 14: syntax error near unexpected token `<<<'
/Users/thomaswhilbert/.dotfiles/launchd-config-files/configBackup.sh: line 14: `<<<<<<< HEAD'
/Users/thomaswhilbert/.dotfiles/launchd-config-files/configBackup.sh: line 14: syntax error near unexpected token `<<<'
/Users/thomaswhilbert/.dotfiles/launchd-config-files/configBackup.sh: line 14: `<<<<<<< HEAD'
/Users/thomaswhilbert/.dotfiles/launchd-config-files/configBackup.sh: line 14: `<<<<<<< HEAD'
/Users/thomaswhilbert/.dotfiles/launchd-config-files/configBackup.sh: line 14: syntax error near unexpected token `<<<'
/Users/thomaswhilbert/.dotfiles/launchd-config-files/configBackup.sh: line 14: syntax error near unexpected token `<<<'
/Users/thomaswhilbert/.dotfiles/launchd-config-files/configBackup.sh: line 14: syntax error near unexpected token `<<<'
/Users/thomaswhilbert/.dotfiles/launchd-config-files/configBackup.sh: line 14: `<<<<<<< HEAD'
/Users/thomaswhilbert/.dotfiles/launchd-config-files/configBackup.sh: line 14: `<<<<<<< HEAD'
/Users/thomaswhilbert/.dotfiles/launchd-config-files/configBackup.sh: line 14: `<<<<<<< HEAD'
/Users/thomaswhilbert/.dotfiles/launchd-config-files/configBackup.sh: line 14: syntax error near unexpected token `<<<'
/Users/thomaswhilbert/.dotfiles/launchd-config-files/configBackup.sh: line 14: syntax error near unexpected token `<<<'
/Users/thomaswhilbert/.dotfiles/launchd-config-files/configBackup.sh: line 14: syntax error near unexpected token `<<<'
/Users/thomaswhilbert/.dotfiles/launchd-config-files/configBackup.sh: line 14: `<<<<<<< HEAD'
/Users/thomaswhilbert/.dotfiles/launchd-config-files/configBackup.sh: line 14: `<<<<<<< HEAD'
/Users/thomaswhilbert/.dotfiles/launchd-config-files/configBackup.sh: line 14: `<<<<<<< HEAD'
/Users/thomaswhilbert/.dotfiles/launchd-config-files/configBackup.sh: line 14: syntax error near unexpected token `<<<'
/Users/thomaswhilbert/.dotfiles/launchd-config-files/configBackup.sh: line 14: syntax error near unexpected token `<<<'
/Users/thomaswhilbert/.dotfiles/launchd-config-files/configBackup.sh: line 14: `<<<<<<< HEAD'
/Users/thomaswhilbert/.dotfiles/launchd-config-files/configBackup.sh: line 14: `<<<<<<< HEAD'
/Users/thomaswhilbert/.dotfiles/launchd-config-files/configBackup.sh: line 14: syntax error near unexpected token `<<<'
/Users/thomaswhilbert/.dotfiles/launchd-config-files/configBackup.sh: line 14: `<<<<<<< HEAD'
/Users/thomaswhilbert/.dotfiles/launchd-config-files/configBackup.sh: line 14: syntax error near unexpected token `<<<'
/Users/thomaswhilbert/.dotfiles/launchd-config-files/configBackup.sh: line 14: syntax error near unexpected token `<<<'
/Users/thomaswhilbert/.dotfiles/launchd-config-files/configBackup.sh: line 14: syntax error near unexpected token `<<<'
/Users/thomaswhilbert/.dotfiles/launchd-config-files/configBackup.sh: line 14: `<<<<<<< HEAD'
/Users/thomaswhilbert/.dotfiles/launchd-config-files/configBackup.sh: line 14: `<<<<<<< HEAD'
/Users/thomaswhilbert/.dotfiles/launchd-config-files/configBackup.sh: line 14: `<<<<<<< HEAD'
/Users/thomaswhilbert/.dotfiles/launchd-config-files/configBackup.sh: line 14: syntax error near unexpected token `<<<'
/Users/thomaswhilbert/.dotfiles/launchd-config-files/configBackup.sh: line 14: `<<<<<<< HEAD'
/Users/thomaswhilbert/.dotfiles/launchd-config-files/configBackup.sh: line 14: syntax error near unexpected token `<<<'
/Users/thomaswhilbert/.dotfiles/launchd-config-files/configBackup.sh: line 14: `<<<<<<< HEAD'
/Users/thomaswhilbert/.dotfiles/launchd-config-files/configBackup.sh: line 14: syntax error near unexpected token `<<<'
/Users/thomaswhilbert/.dotfiles/launchd-config-files/configBackup.sh: line 14: `<<<<<<< HEAD'
fatal: Unable to create '/Users/thomaswhilbert/.dotFiles/.git/index.lock': File exists.

Another git process seems to be running in this repository, e.g.
an editor opened by 'git commit'. Please make sure all processes
are terminated then try again. If it still fails, a git process
may have crashed in this repository earlier:
remove the file manually to continue.
Aborting commit due to empty commit message.
Everything up-to-date
error: src refspec master does not match any
error: failed to push some refs to 'git@github.com:tomWhilbert/.dotfiles.git'
fatal: Unable to create '/Users/thomaswhilbert/.dotFiles/.git/index.lock': File exists.

Another git process seems to be running in this repository, e.g.
an editor opened by 'git commit'. Please make sure all processes
are terminated then try again. If it still fails, a git process
may have crashed in this repository earlier:
remove the file manually to continue.
error: src refspec master does not match any
error: failed to push some refs to 'git@github.com:tomWhilbert/.dotfiles.git'
fatal: Unable to create '/Users/thomaswhilbert/.dotFiles/.git/index.lock': File exists.

Another git process seems to be running in this repository, e.g.
an editor opened by 'git commit'. Please make sure all processes
are terminated then try again. If it still fails, a git process
may have crashed in this repository earlier:
remove the file manually to continue.
error: src refspec master does not match any
error: failed to push some refs to 'git@github.com:tomWhilbert/.dotfiles.git'
fatal: Unable to create '/Users/thomaswhilbert/.dotFiles/.git/index.lock': File exists.

Another git process seems to be running in this repository, e.g.
an editor opened by 'git commit'. Please make sure all processes
are terminated then try again. If it still fails, a git process
may have crashed in this repository earlier:
remove the file manually to continue.
error: src refspec master does not match any
error: failed to push some refs to 'git@github.com:tomWhilbert/.dotfiles.git'
fatal: cannot lock ref 'HEAD': is at d7ed26604ce617ab72a34489f8e8182ce2a70525 but expected 4b46b755f209e078215794f15bfbd3743918a152
error: src refspec master does not match any
error: failed to push some refs to 'git@github.com:tomWhilbert/.dotfiles.git'
fatal: Unable to create '/Users/thomaswhilbert/.dotFiles/.git/index.lock': File exists.

Another git process seems to be running in this repository, e.g.
an editor opened by 'git commit'. Please make sure all processes
are terminated then try again. If it still fails, a git process
may have crashed in this repository earlier:
remove the file manually to continue.
error: src refspec master does not match any
error: failed to push some refs to 'git@github.com:tomWhilbert/.dotfiles.git'
fatal: Unable to create '/Users/thomaswhilbert/.dotFiles/.git/index.lock': File exists.

Another git process seems to be running in this repository, e.g.
an editor opened by 'git commit'. Please make sure all processes
are terminated then try again. If it still fails, a git process
may have crashed in this repository earlier:
remove the file manually to continue.
error: src refspec master does not match any
error: failed to push some refs to 'git@github.com:tomWhilbert/.dotfiles.git'
fatal: cannot lock ref 'HEAD': is at 5bfa9a56b81c9a6bf51dd629ca1846557f85ef9b but expected 74ead4cf8ea041aced305248bfab6d698fab8eb2
error: src refspec master does not match any
error: failed to push some refs to 'git@github.com:tomWhilbert/.dotfiles.git'
fatal: Unable to create '/Users/thomaswhilbert/.dotFiles/.git/index.lock': File exists.

Another git process seems to be running in this repository, e.g.
an editor opened by 'git commit'. Please make sure all processes
are terminated then try again. If it still fails, a git process
may have crashed in this repository earlier:
remove the file manually to continue.
Aborting commit due to empty commit message.
error: src refspec master does not match any
error: failed to push some refs to 'git@github.com:tomWhilbert/.dotfiles.git'
fatal: Unable to create '/Users/thomaswhilbert/.dotFiles/.git/index.lock': File exists.

Another git process seems to be running in this repository, e.g.
an editor opened by 'git commit'. Please make sure all processes
are terminated then try again. If it still fails, a git process
may have crashed in this repository earlier:
remove the file manually to continue.
error: src refspec master does not match any
error: failed to push some refs to 'git@github.com:tomWhilbert/.dotfiles.git'
fatal: Unable to create '/Users/thomaswhilbert/.dotFiles/.git/index.lock': File exists.

Another git process seems to be running in this repository, e.g.
an editor opened by 'git commit'. Please make sure all processes
are terminated then try again. If it still fails, a git process
may have crashed in this repository earlier:
remove the file manually to continue.
error: src refspec master does not match any
error: failed to push some refs to 'git@github.com:tomWhilbert/.dotfiles.git'
fatal: Unable to create '/Users/thomaswhilbert/.dotFiles/.git/index.lock': File exists.

Another git process seems to be running in this repository, e.g.
an editor opened by 'git commit'. Please make sure all processes
are terminated then try again. If it still fails, a git process
may have crashed in this repository earlier:
remove the file manually to continue.
