[macOS 57b7e9b] Dotfiles Backup
 2 files changed, 13 deletions(-)
[macOS 95751a3] Dotfiles Backup
 4 files changed, 7 insertions(+), 3 deletions(-)
[macOS f0ea943] Dotfiles Backup
 2 files changed, 4 insertions(+)
[macOS 608658f] Dotfiles Backup
 2 files changed, 4 insertions(+)
[macOS c3b81ba] Dotfiles Backup
 4 files changed, 4 insertions(+)
 delete mode 100644 touch
[macOS 8806180] Dotfiles Backup
 2 files changed, 5 insertions(+)
[macOS 498e9ff] Dotfiles Backup
 2 files changed, 4 insertions(+)
[macOS f1b1b6e] Dotfiles Backup
 2 files changed, 4 insertions(+)
[macOS cb6abb9] Dotfiles Backup
 2 files changed, 4 insertions(+)
[macOS 986c462] Dotfiles Backup
 2 files changed, 4 insertions(+)
[macOS e967257] Dotfiles Backup
 2 files changed, 4 insertions(+)
[macOS 4e914ba] Dotfiles Backup
 2 files changed, 4 insertions(+)
[macOS 8390204] Dotfiles Backup
 5 files changed, 310 insertions(+), 282 deletions(-)
[master 7ceaa43] Dotfiles Backup
 4 files changed, 16 insertions(+), 7 deletions(-)
 rename configBackup.sh => launchd-config-files/configBackup.sh (77%)
SSH_AUTH_SOCK=/var/folders/tr/frt778g15fzfjjdynmbmv73r0000gp/T//ssh-NY3EFo6ZjW68/agent.46813; export SSH_AUTH_SOCK;
SSH_AGENT_PID=46814; export SSH_AGENT_PID;
echo Agent pid 46814;
